<?xml version="1.0" encoding="UTF-8"?>
<!-- Generated by org.testng.reporters.JUnitReportReporter -->
<testsuite hostname="BHADAURIYA" failures="0" tests="1" name="TestCases.DashboardTests" time="2.215" errors="0" timestamp="2025-10-13T22:07:02 IST" skipped="0">
  <testcase classname="TestCases.DashboardTests" name="verifyDashboardPageAfterLogin" time="2.215"/>
</testsuite> <!-- TestCases.DashboardTests -->
