<?xml version="1.0" encoding="UTF-8"?>
<!-- Generated by org.testng.reporters.JUnitReportReporter -->
<testsuite hostname="BHADAURIYA" failures="0" tests="1" name="TestCases.LoginPageTest" time="6.480" errors="0" timestamp="2025-10-04T18:21:38 IST" skipped="0">
  <testcase classname="TestCases.LoginPageTest" name="testLogin" time="6.480"/>
</testsuite> <!-- TestCases.LoginPageTest -->
