<?xml version="1.0" encoding="UTF-8"?>
<!-- Generated by org.testng.reporters.JUnitReportReporter -->
<testsuite hostname="BHADAURIYA" failures="0" tests="1" name="TestCases.DashboardTests" time="1.680" errors="0" timestamp="2025-10-08T01:17:14 IST" skipped="0">
  <testcase classname="TestCases.DashboardTests" name="verifyDashboardPageAfterLogin" time="1.680"/>
</testsuite> <!-- TestCases.DashboardTests -->
