<?xml version="1.0" encoding="UTF-8"?>
<!-- Generated by org.testng.reporters.JUnitReportReporter -->
<testsuite hostname="BHADAURIYA" failures="0" tests="1" name="TestCases.LoginTests" time="2.216" errors="0" timestamp="2025-10-08T01:04:17 IST" skipped="0">
  <testcase classname="TestCases.LoginTests" name="verifyLoginFunctionality" time="2.216"/>
</testsuite> <!-- TestCases.LoginTests -->
