<?xml version="1.0" encoding="UTF-8"?>
<!-- Generated by org.testng.reporters.JUnitReportReporter -->
<testsuite hostname="BHADAURIYA" failures="0" tests="1" name="TestCases.SideMenuTests" time="16.795" errors="0" timestamp="2025-10-08T01:14:22 IST" skipped="0">
  <testcase classname="TestCases.SideMenuTests" name="testSideMenu" time="16.795"/>
</testsuite> <!-- TestCases.SideMenuTests -->
